<?xml version="1.0" encoding="UTF-8"?>
<testsuites name="jest tests" tests="1" failures="0" errors="0" time="1.086">
  <testsuite name="undefined" errors="0" failures="0" skipped="0" timestamp="2024-01-16T10:07:28" time="1.003" tests="1">
    <testcase classname=" It should respond to the GET method" name=" It should respond to the GET method" time="0.13">
    </testcase>
  </testsuite>
</testsuites>